<?xml version="1.0" encoding="UTF-8"?>
<testng-results skipped="0" failed="0" ignored="0" total="1" passed="1">
  <reporter-output>
  </reporter-output>
  <suite name="Default suite" duration-ms="4469" started-at="2019-07-15T09:35:47Z" finished-at="2019-07-15T09:35:52Z">
    <groups>
    </groups>
    <test name="Default test" duration-ms="4469" started-at="2019-07-15T09:35:47Z" finished-at="2019-07-15T09:35:52Z">
      <class name="apiDemo.basicsLect17TestNG">
        <test-method status="PASS" signature="Test()[pri:0, instance:apiDemo.basicsLect17TestNG@5bcab519]" name="Test" duration-ms="4422" started-at="2019-07-15T09:35:47Z" finished-at="2019-07-15T09:35:52Z">
          <reporter-output>
          </reporter-output>
        </test-method> <!-- Test -->
      </class> <!-- apiDemo.basicsLect17TestNG -->
    </test> <!-- Default test -->
  </suite> <!-- Default suite -->
</testng-results>
